2019-03-29 10:30:06,234 - ../log/RSJ_train.log - INFO - model_type     :	bilstm
2019-03-29 10:30:06,234 - ../log/RSJ_train.log - INFO - num_chars      :	1284
2019-03-29 10:30:06,234 - ../log/RSJ_train.log - INFO - char_dim       :	100
2019-03-29 10:30:06,235 - ../log/RSJ_train.log - INFO - num_tags       :	2
2019-03-29 10:30:06,235 - ../log/RSJ_train.log - INFO - seg_dim        :	20
2019-03-29 10:30:06,235 - ../log/RSJ_train.log - INFO - lstm_dim       :	100
2019-03-29 10:30:06,235 - ../log/RSJ_train.log - INFO - decode_method  :	crf
2019-03-29 10:30:06,235 - ../log/RSJ_train.log - INFO - batch_size     :	20
2019-03-29 10:30:06,235 - ../log/RSJ_train.log - INFO - bias           :	10
2019-03-29 10:30:06,235 - ../log/RSJ_train.log - INFO - emb_file       :	../embedding/wiki_100.utf8
2019-03-29 10:30:06,235 - ../log/RSJ_train.log - INFO - clip           :	5
2019-03-29 10:30:06,235 - ../log/RSJ_train.log - INFO - dropout_keep   :	0.5
2019-03-29 10:30:06,235 - ../log/RSJ_train.log - INFO - optimizer      :	adam
2019-03-29 10:30:06,235 - ../log/RSJ_train.log - INFO - lr             :	0.001
2019-03-29 10:30:06,235 - ../log/RSJ_train.log - INFO - tag_schema     :	iobes
2019-03-29 10:30:06,235 - ../log/RSJ_train.log - INFO - pre_emb        :	True
2019-03-29 10:30:06,235 - ../log/RSJ_train.log - INFO - zeros          :	False
2019-03-29 10:30:06,236 - ../log/RSJ_train.log - INFO - lower          :	True
2019-03-29 10:30:07,430 - ../log/RSJ_train.log - INFO - Reading model parameters from ../ckpt/RSJ/model
2019-05-27 23:50:24,371 - ../log/RSJ_train.log - INFO - model_type     :	bilstm
2019-05-27 23:50:24,371 - ../log/RSJ_train.log - INFO - num_chars      :	1284
2019-05-27 23:50:24,371 - ../log/RSJ_train.log - INFO - char_dim       :	100
2019-05-27 23:50:24,371 - ../log/RSJ_train.log - INFO - num_tags       :	2
2019-05-27 23:50:24,371 - ../log/RSJ_train.log - INFO - seg_dim        :	20
2019-05-27 23:50:24,371 - ../log/RSJ_train.log - INFO - lstm_dim       :	100
2019-05-27 23:50:24,372 - ../log/RSJ_train.log - INFO - decode_method  :	crf
2019-05-27 23:50:24,372 - ../log/RSJ_train.log - INFO - batch_size     :	20
2019-05-27 23:50:24,372 - ../log/RSJ_train.log - INFO - bias           :	10
2019-05-27 23:50:24,372 - ../log/RSJ_train.log - INFO - emb_file       :	../embedding/wiki_100.utf8
2019-05-27 23:50:24,372 - ../log/RSJ_train.log - INFO - clip           :	5
2019-05-27 23:50:24,372 - ../log/RSJ_train.log - INFO - dropout_keep   :	0.5
2019-05-27 23:50:24,372 - ../log/RSJ_train.log - INFO - optimizer      :	adam
2019-05-27 23:50:24,372 - ../log/RSJ_train.log - INFO - lr             :	0.001
2019-05-27 23:50:24,372 - ../log/RSJ_train.log - INFO - tag_schema     :	iobes
2019-05-27 23:50:24,372 - ../log/RSJ_train.log - INFO - pre_emb        :	True
2019-05-27 23:50:24,372 - ../log/RSJ_train.log - INFO - zeros          :	False
2019-05-27 23:50:24,373 - ../log/RSJ_train.log - INFO - lower          :	True
2019-05-27 23:50:25,566 - ../log/RSJ_train.log - INFO - Reading model parameters from ../ckpt/RSJ\model
2019-05-28 13:43:34,122 - ../log/RSJ_train.log - INFO - model_type     :	bilstm
2019-05-28 13:43:34,123 - ../log/RSJ_train.log - INFO - num_chars      :	1284
2019-05-28 13:43:34,123 - ../log/RSJ_train.log - INFO - char_dim       :	100
2019-05-28 13:43:34,123 - ../log/RSJ_train.log - INFO - num_tags       :	2
2019-05-28 13:43:34,123 - ../log/RSJ_train.log - INFO - seg_dim        :	20
2019-05-28 13:43:34,123 - ../log/RSJ_train.log - INFO - lstm_dim       :	100
2019-05-28 13:43:34,123 - ../log/RSJ_train.log - INFO - decode_method  :	crf
2019-05-28 13:43:34,123 - ../log/RSJ_train.log - INFO - batch_size     :	20
2019-05-28 13:43:34,123 - ../log/RSJ_train.log - INFO - bias           :	10
2019-05-28 13:43:34,123 - ../log/RSJ_train.log - INFO - emb_file       :	../embedding/wiki_100.utf8
2019-05-28 13:43:34,123 - ../log/RSJ_train.log - INFO - clip           :	5
2019-05-28 13:43:34,123 - ../log/RSJ_train.log - INFO - dropout_keep   :	0.5
2019-05-28 13:43:34,123 - ../log/RSJ_train.log - INFO - optimizer      :	adam
2019-05-28 13:43:34,124 - ../log/RSJ_train.log - INFO - lr             :	0.001
2019-05-28 13:43:34,124 - ../log/RSJ_train.log - INFO - tag_schema     :	iobes
2019-05-28 13:43:34,124 - ../log/RSJ_train.log - INFO - pre_emb        :	True
2019-05-28 13:43:34,124 - ../log/RSJ_train.log - INFO - zeros          :	False
2019-05-28 13:43:34,124 - ../log/RSJ_train.log - INFO - lower          :	True
2019-05-28 13:43:35,376 - ../log/RSJ_train.log - INFO - Reading model parameters from ../ckpt/RSJ\model
2019-05-28 14:22:30,101 - ../log/RSJ_train.log - INFO - model_type     :	bilstm
2019-05-28 14:22:30,101 - ../log/RSJ_train.log - INFO - num_chars      :	1284
2019-05-28 14:22:30,101 - ../log/RSJ_train.log - INFO - char_dim       :	100
2019-05-28 14:22:30,101 - ../log/RSJ_train.log - INFO - num_tags       :	2
2019-05-28 14:22:30,101 - ../log/RSJ_train.log - INFO - seg_dim        :	20
2019-05-28 14:22:30,101 - ../log/RSJ_train.log - INFO - lstm_dim       :	100
2019-05-28 14:22:30,101 - ../log/RSJ_train.log - INFO - decode_method  :	crf
2019-05-28 14:22:30,101 - ../log/RSJ_train.log - INFO - batch_size     :	20
2019-05-28 14:22:30,101 - ../log/RSJ_train.log - INFO - bias           :	10
2019-05-28 14:22:30,101 - ../log/RSJ_train.log - INFO - emb_file       :	../embedding/wiki_100.utf8
2019-05-28 14:22:30,102 - ../log/RSJ_train.log - INFO - clip           :	5
2019-05-28 14:22:30,102 - ../log/RSJ_train.log - INFO - dropout_keep   :	0.5
2019-05-28 14:22:30,102 - ../log/RSJ_train.log - INFO - optimizer      :	adam
2019-05-28 14:22:30,102 - ../log/RSJ_train.log - INFO - lr             :	0.001
2019-05-28 14:22:30,102 - ../log/RSJ_train.log - INFO - tag_schema     :	iobes
2019-05-28 14:22:30,102 - ../log/RSJ_train.log - INFO - pre_emb        :	True
2019-05-28 14:22:30,102 - ../log/RSJ_train.log - INFO - zeros          :	False
2019-05-28 14:22:30,102 - ../log/RSJ_train.log - INFO - lower          :	True
2019-05-28 14:22:31,406 - ../log/RSJ_train.log - INFO - Reading model parameters from ../ckpt/RSJ\model
2019-05-28 14:24:03,453 - ../log/RSJ_train.log - INFO - model_type     :	bilstm
2019-05-28 14:24:03,453 - ../log/RSJ_train.log - INFO - num_chars      :	1284
2019-05-28 14:24:03,454 - ../log/RSJ_train.log - INFO - char_dim       :	100
2019-05-28 14:24:03,454 - ../log/RSJ_train.log - INFO - num_tags       :	2
2019-05-28 14:24:03,454 - ../log/RSJ_train.log - INFO - seg_dim        :	20
2019-05-28 14:24:03,454 - ../log/RSJ_train.log - INFO - lstm_dim       :	100
2019-05-28 14:24:03,454 - ../log/RSJ_train.log - INFO - decode_method  :	crf
2019-05-28 14:24:03,454 - ../log/RSJ_train.log - INFO - batch_size     :	20
2019-05-28 14:24:03,454 - ../log/RSJ_train.log - INFO - bias           :	10
2019-05-28 14:24:03,454 - ../log/RSJ_train.log - INFO - emb_file       :	../embedding/wiki_100.utf8
2019-05-28 14:24:03,454 - ../log/RSJ_train.log - INFO - clip           :	5
2019-05-28 14:24:03,454 - ../log/RSJ_train.log - INFO - dropout_keep   :	0.5
2019-05-28 14:24:03,454 - ../log/RSJ_train.log - INFO - optimizer      :	adam
2019-05-28 14:24:03,454 - ../log/RSJ_train.log - INFO - lr             :	0.001
2019-05-28 14:24:03,454 - ../log/RSJ_train.log - INFO - tag_schema     :	iobes
2019-05-28 14:24:03,454 - ../log/RSJ_train.log - INFO - pre_emb        :	True
2019-05-28 14:24:03,455 - ../log/RSJ_train.log - INFO - zeros          :	False
2019-05-28 14:24:03,455 - ../log/RSJ_train.log - INFO - lower          :	True
2019-05-28 14:24:04,719 - ../log/RSJ_train.log - INFO - Reading model parameters from ../ckpt/RSJ\model
2019-05-28 15:30:51,391 - ../log/RSJ_train.log - INFO - model_type     :	bilstm
2019-05-28 15:30:51,391 - ../log/RSJ_train.log - INFO - num_chars      :	1284
2019-05-28 15:30:51,391 - ../log/RSJ_train.log - INFO - char_dim       :	100
2019-05-28 15:30:51,391 - ../log/RSJ_train.log - INFO - num_tags       :	2
2019-05-28 15:30:51,391 - ../log/RSJ_train.log - INFO - seg_dim        :	20
2019-05-28 15:30:51,391 - ../log/RSJ_train.log - INFO - lstm_dim       :	100
2019-05-28 15:30:51,391 - ../log/RSJ_train.log - INFO - decode_method  :	crf
2019-05-28 15:30:51,392 - ../log/RSJ_train.log - INFO - batch_size     :	20
2019-05-28 15:30:51,392 - ../log/RSJ_train.log - INFO - bias           :	10
2019-05-28 15:30:51,392 - ../log/RSJ_train.log - INFO - emb_file       :	../embedding/wiki_100.utf8
2019-05-28 15:30:51,392 - ../log/RSJ_train.log - INFO - clip           :	5
2019-05-28 15:30:51,392 - ../log/RSJ_train.log - INFO - dropout_keep   :	0.5
2019-05-28 15:30:51,392 - ../log/RSJ_train.log - INFO - optimizer      :	adam
2019-05-28 15:30:51,392 - ../log/RSJ_train.log - INFO - lr             :	0.001
2019-05-28 15:30:51,392 - ../log/RSJ_train.log - INFO - tag_schema     :	iobes
2019-05-28 15:30:51,392 - ../log/RSJ_train.log - INFO - pre_emb        :	True
2019-05-28 15:30:51,393 - ../log/RSJ_train.log - INFO - zeros          :	False
2019-05-28 15:30:51,393 - ../log/RSJ_train.log - INFO - lower          :	True
2019-05-28 15:30:52,655 - ../log/RSJ_train.log - INFO - Reading model parameters from ../ckpt/RSJ\model
2019-05-28 15:32:24,399 - ../log/RSJ_train.log - INFO - model_type     :	bilstm
2019-05-28 15:32:24,399 - ../log/RSJ_train.log - INFO - num_chars      :	1284
2019-05-28 15:32:24,399 - ../log/RSJ_train.log - INFO - char_dim       :	100
2019-05-28 15:32:24,399 - ../log/RSJ_train.log - INFO - num_tags       :	2
2019-05-28 15:32:24,399 - ../log/RSJ_train.log - INFO - seg_dim        :	20
2019-05-28 15:32:24,399 - ../log/RSJ_train.log - INFO - lstm_dim       :	100
2019-05-28 15:32:24,399 - ../log/RSJ_train.log - INFO - decode_method  :	crf
2019-05-28 15:32:24,399 - ../log/RSJ_train.log - INFO - batch_size     :	20
2019-05-28 15:32:24,399 - ../log/RSJ_train.log - INFO - bias           :	10
2019-05-28 15:32:24,400 - ../log/RSJ_train.log - INFO - emb_file       :	../embedding/wiki_100.utf8
2019-05-28 15:32:24,400 - ../log/RSJ_train.log - INFO - clip           :	5
2019-05-28 15:32:24,400 - ../log/RSJ_train.log - INFO - dropout_keep   :	0.5
2019-05-28 15:32:24,400 - ../log/RSJ_train.log - INFO - optimizer      :	adam
2019-05-28 15:32:24,400 - ../log/RSJ_train.log - INFO - lr             :	0.001
2019-05-28 15:32:24,400 - ../log/RSJ_train.log - INFO - tag_schema     :	iobes
2019-05-28 15:32:24,400 - ../log/RSJ_train.log - INFO - pre_emb        :	True
2019-05-28 15:32:24,400 - ../log/RSJ_train.log - INFO - zeros          :	False
2019-05-28 15:32:24,400 - ../log/RSJ_train.log - INFO - lower          :	True
2019-05-28 15:32:25,643 - ../log/RSJ_train.log - INFO - Reading model parameters from ../ckpt/RSJ\model
2019-05-28 15:34:19,908 - ../log/RSJ_train.log - INFO - model_type     :	bilstm
2019-05-28 15:34:19,908 - ../log/RSJ_train.log - INFO - num_chars      :	1284
2019-05-28 15:34:19,908 - ../log/RSJ_train.log - INFO - char_dim       :	100
2019-05-28 15:34:19,908 - ../log/RSJ_train.log - INFO - num_tags       :	2
2019-05-28 15:34:19,908 - ../log/RSJ_train.log - INFO - seg_dim        :	20
2019-05-28 15:34:19,908 - ../log/RSJ_train.log - INFO - lstm_dim       :	100
2019-05-28 15:34:19,908 - ../log/RSJ_train.log - INFO - decode_method  :	crf
2019-05-28 15:34:19,908 - ../log/RSJ_train.log - INFO - batch_size     :	20
2019-05-28 15:34:19,909 - ../log/RSJ_train.log - INFO - bias           :	10
2019-05-28 15:34:19,909 - ../log/RSJ_train.log - INFO - emb_file       :	../embedding/wiki_100.utf8
2019-05-28 15:34:19,909 - ../log/RSJ_train.log - INFO - clip           :	5
2019-05-28 15:34:19,909 - ../log/RSJ_train.log - INFO - dropout_keep   :	0.5
2019-05-28 15:34:19,909 - ../log/RSJ_train.log - INFO - optimizer      :	adam
2019-05-28 15:34:19,909 - ../log/RSJ_train.log - INFO - lr             :	0.001
2019-05-28 15:34:19,909 - ../log/RSJ_train.log - INFO - tag_schema     :	iobes
2019-05-28 15:34:19,909 - ../log/RSJ_train.log - INFO - pre_emb        :	True
2019-05-28 15:34:19,909 - ../log/RSJ_train.log - INFO - zeros          :	False
2019-05-28 15:34:19,909 - ../log/RSJ_train.log - INFO - lower          :	True
2019-05-28 15:34:21,138 - ../log/RSJ_train.log - INFO - Reading model parameters from ../ckpt/RSJ\model
2019-05-28 15:37:27,239 - ../log/RSJ_train.log - INFO - model_type     :	bilstm
2019-05-28 15:37:27,239 - ../log/RSJ_train.log - INFO - num_chars      :	1284
2019-05-28 15:37:27,239 - ../log/RSJ_train.log - INFO - char_dim       :	100
2019-05-28 15:37:27,239 - ../log/RSJ_train.log - INFO - num_tags       :	2
2019-05-28 15:37:27,239 - ../log/RSJ_train.log - INFO - seg_dim        :	20
2019-05-28 15:37:27,239 - ../log/RSJ_train.log - INFO - lstm_dim       :	100
2019-05-28 15:37:27,239 - ../log/RSJ_train.log - INFO - decode_method  :	crf
2019-05-28 15:37:27,239 - ../log/RSJ_train.log - INFO - batch_size     :	20
2019-05-28 15:37:27,239 - ../log/RSJ_train.log - INFO - bias           :	10
2019-05-28 15:37:27,239 - ../log/RSJ_train.log - INFO - emb_file       :	../embedding/wiki_100.utf8
2019-05-28 15:37:27,239 - ../log/RSJ_train.log - INFO - clip           :	5
2019-05-28 15:37:27,240 - ../log/RSJ_train.log - INFO - dropout_keep   :	0.5
2019-05-28 15:37:27,240 - ../log/RSJ_train.log - INFO - optimizer      :	adam
2019-05-28 15:37:27,240 - ../log/RSJ_train.log - INFO - lr             :	0.001
2019-05-28 15:37:27,240 - ../log/RSJ_train.log - INFO - tag_schema     :	iobes
2019-05-28 15:37:27,240 - ../log/RSJ_train.log - INFO - pre_emb        :	True
2019-05-28 15:37:27,240 - ../log/RSJ_train.log - INFO - zeros          :	False
2019-05-28 15:37:27,240 - ../log/RSJ_train.log - INFO - lower          :	True
2019-05-28 15:37:28,470 - ../log/RSJ_train.log - INFO - Reading model parameters from ../ckpt/RSJ\model
2019-05-28 15:38:02,379 - ../log/RSJ_train.log - INFO - model_type     :	bilstm
2019-05-28 15:38:02,379 - ../log/RSJ_train.log - INFO - num_chars      :	1284
2019-05-28 15:38:02,379 - ../log/RSJ_train.log - INFO - char_dim       :	100
2019-05-28 15:38:02,379 - ../log/RSJ_train.log - INFO - num_tags       :	2
2019-05-28 15:38:02,379 - ../log/RSJ_train.log - INFO - seg_dim        :	20
2019-05-28 15:38:02,379 - ../log/RSJ_train.log - INFO - lstm_dim       :	100
2019-05-28 15:38:02,379 - ../log/RSJ_train.log - INFO - decode_method  :	crf
2019-05-28 15:38:02,379 - ../log/RSJ_train.log - INFO - batch_size     :	20
2019-05-28 15:38:02,379 - ../log/RSJ_train.log - INFO - bias           :	10
2019-05-28 15:38:02,379 - ../log/RSJ_train.log - INFO - emb_file       :	../embedding/wiki_100.utf8
2019-05-28 15:38:02,379 - ../log/RSJ_train.log - INFO - clip           :	5
2019-05-28 15:38:02,380 - ../log/RSJ_train.log - INFO - dropout_keep   :	0.5
2019-05-28 15:38:02,380 - ../log/RSJ_train.log - INFO - optimizer      :	adam
2019-05-28 15:38:02,380 - ../log/RSJ_train.log - INFO - lr             :	0.001
2019-05-28 15:38:02,380 - ../log/RSJ_train.log - INFO - tag_schema     :	iobes
2019-05-28 15:38:02,380 - ../log/RSJ_train.log - INFO - pre_emb        :	True
2019-05-28 15:38:02,380 - ../log/RSJ_train.log - INFO - zeros          :	False
2019-05-28 15:38:02,380 - ../log/RSJ_train.log - INFO - lower          :	True
2019-05-28 15:38:03,592 - ../log/RSJ_train.log - INFO - Reading model parameters from ../ckpt/RSJ\model
2019-05-28 15:39:47,051 - ../log/RSJ_train.log - INFO - model_type     :	bilstm
2019-05-28 15:39:47,052 - ../log/RSJ_train.log - INFO - num_chars      :	1284
2019-05-28 15:39:47,052 - ../log/RSJ_train.log - INFO - char_dim       :	100
2019-05-28 15:39:47,052 - ../log/RSJ_train.log - INFO - num_tags       :	2
2019-05-28 15:39:47,052 - ../log/RSJ_train.log - INFO - seg_dim        :	20
2019-05-28 15:39:47,052 - ../log/RSJ_train.log - INFO - lstm_dim       :	100
2019-05-28 15:39:47,052 - ../log/RSJ_train.log - INFO - decode_method  :	crf
2019-05-28 15:39:47,052 - ../log/RSJ_train.log - INFO - batch_size     :	20
2019-05-28 15:39:47,052 - ../log/RSJ_train.log - INFO - bias           :	10
2019-05-28 15:39:47,052 - ../log/RSJ_train.log - INFO - emb_file       :	../embedding/wiki_100.utf8
2019-05-28 15:39:47,052 - ../log/RSJ_train.log - INFO - clip           :	5
2019-05-28 15:39:47,052 - ../log/RSJ_train.log - INFO - dropout_keep   :	0.5
2019-05-28 15:39:47,052 - ../log/RSJ_train.log - INFO - optimizer      :	adam
2019-05-28 15:39:47,053 - ../log/RSJ_train.log - INFO - lr             :	0.001
2019-05-28 15:39:47,053 - ../log/RSJ_train.log - INFO - tag_schema     :	iobes
2019-05-28 15:39:47,053 - ../log/RSJ_train.log - INFO - pre_emb        :	True
2019-05-28 15:39:47,053 - ../log/RSJ_train.log - INFO - zeros          :	False
2019-05-28 15:39:47,053 - ../log/RSJ_train.log - INFO - lower          :	True
2019-05-28 15:39:48,479 - ../log/RSJ_train.log - INFO - Reading model parameters from ../ckpt/RSJ\model
2019-05-28 15:39:55,371 - ../log/RSJ_train.log - INFO - model_type     :	bilstm
2019-05-28 15:39:55,371 - ../log/RSJ_train.log - INFO - num_chars      :	1284
2019-05-28 15:39:55,371 - ../log/RSJ_train.log - INFO - char_dim       :	100
2019-05-28 15:39:55,372 - ../log/RSJ_train.log - INFO - num_tags       :	2
2019-05-28 15:39:55,372 - ../log/RSJ_train.log - INFO - seg_dim        :	20
2019-05-28 15:39:55,372 - ../log/RSJ_train.log - INFO - lstm_dim       :	100
2019-05-28 15:39:55,372 - ../log/RSJ_train.log - INFO - decode_method  :	crf
2019-05-28 15:39:55,372 - ../log/RSJ_train.log - INFO - batch_size     :	20
2019-05-28 15:39:55,372 - ../log/RSJ_train.log - INFO - bias           :	10
2019-05-28 15:39:55,373 - ../log/RSJ_train.log - INFO - emb_file       :	../embedding/wiki_100.utf8
2019-05-28 15:39:55,373 - ../log/RSJ_train.log - INFO - clip           :	5
2019-05-28 15:39:55,373 - ../log/RSJ_train.log - INFO - dropout_keep   :	0.5
2019-05-28 15:39:55,374 - ../log/RSJ_train.log - INFO - optimizer      :	adam
2019-05-28 15:39:55,374 - ../log/RSJ_train.log - INFO - lr             :	0.001
2019-05-28 15:39:55,374 - ../log/RSJ_train.log - INFO - tag_schema     :	iobes
2019-05-28 15:39:55,375 - ../log/RSJ_train.log - INFO - pre_emb        :	True
2019-05-28 15:39:55,375 - ../log/RSJ_train.log - INFO - zeros          :	False
2019-05-28 15:39:55,375 - ../log/RSJ_train.log - INFO - lower          :	True
2019-05-28 15:39:58,321 - ../log/RSJ_train.log - INFO - Reading model parameters from ../ckpt/RSJ\model
2019-05-28 15:49:36,420 - ../log/RSJ_train.log - INFO - model_type     :	bilstm
2019-05-28 15:49:36,420 - ../log/RSJ_train.log - INFO - num_chars      :	1284
2019-05-28 15:49:36,420 - ../log/RSJ_train.log - INFO - char_dim       :	100
2019-05-28 15:49:36,420 - ../log/RSJ_train.log - INFO - num_tags       :	2
2019-05-28 15:49:36,420 - ../log/RSJ_train.log - INFO - seg_dim        :	20
2019-05-28 15:49:36,420 - ../log/RSJ_train.log - INFO - lstm_dim       :	100
2019-05-28 15:49:36,420 - ../log/RSJ_train.log - INFO - decode_method  :	crf
2019-05-28 15:49:36,420 - ../log/RSJ_train.log - INFO - batch_size     :	20
2019-05-28 15:49:36,420 - ../log/RSJ_train.log - INFO - bias           :	10
2019-05-28 15:49:36,420 - ../log/RSJ_train.log - INFO - emb_file       :	../embedding/wiki_100.utf8
2019-05-28 15:49:36,420 - ../log/RSJ_train.log - INFO - clip           :	5
2019-05-28 15:49:36,420 - ../log/RSJ_train.log - INFO - dropout_keep   :	0.5
2019-05-28 15:49:36,421 - ../log/RSJ_train.log - INFO - optimizer      :	adam
2019-05-28 15:49:36,421 - ../log/RSJ_train.log - INFO - lr             :	0.001
2019-05-28 15:49:36,421 - ../log/RSJ_train.log - INFO - tag_schema     :	iobes
2019-05-28 15:49:36,421 - ../log/RSJ_train.log - INFO - pre_emb        :	True
2019-05-28 15:49:36,421 - ../log/RSJ_train.log - INFO - zeros          :	False
2019-05-28 15:49:36,421 - ../log/RSJ_train.log - INFO - lower          :	True
2019-05-28 15:49:37,613 - ../log/RSJ_train.log - INFO - Reading model parameters from ../ckpt/RSJ\model
2019-05-28 15:50:15,083 - ../log/RSJ_train.log - INFO - model_type     :	bilstm
2019-05-28 15:50:15,084 - ../log/RSJ_train.log - INFO - num_chars      :	1284
2019-05-28 15:50:15,084 - ../log/RSJ_train.log - INFO - char_dim       :	100
2019-05-28 15:50:15,084 - ../log/RSJ_train.log - INFO - num_tags       :	2
2019-05-28 15:50:15,084 - ../log/RSJ_train.log - INFO - seg_dim        :	20
2019-05-28 15:50:15,084 - ../log/RSJ_train.log - INFO - lstm_dim       :	100
2019-05-28 15:50:15,084 - ../log/RSJ_train.log - INFO - decode_method  :	crf
2019-05-28 15:50:15,084 - ../log/RSJ_train.log - INFO - batch_size     :	20
2019-05-28 15:50:15,084 - ../log/RSJ_train.log - INFO - bias           :	10
2019-05-28 15:50:15,084 - ../log/RSJ_train.log - INFO - emb_file       :	../embedding/wiki_100.utf8
2019-05-28 15:50:15,084 - ../log/RSJ_train.log - INFO - clip           :	5
2019-05-28 15:50:15,084 - ../log/RSJ_train.log - INFO - dropout_keep   :	0.5
2019-05-28 15:50:15,084 - ../log/RSJ_train.log - INFO - optimizer      :	adam
2019-05-28 15:50:15,084 - ../log/RSJ_train.log - INFO - lr             :	0.001
2019-05-28 15:50:15,085 - ../log/RSJ_train.log - INFO - tag_schema     :	iobes
2019-05-28 15:50:15,085 - ../log/RSJ_train.log - INFO - pre_emb        :	True
2019-05-28 15:50:15,085 - ../log/RSJ_train.log - INFO - zeros          :	False
2019-05-28 15:50:15,085 - ../log/RSJ_train.log - INFO - lower          :	True
2019-05-28 15:50:16,359 - ../log/RSJ_train.log - INFO - Reading model parameters from ../ckpt/RSJ\model
2019-05-28 16:47:37,565 - ../log/RSJ_train.log - INFO - model_type     :	bilstm
2019-05-28 16:47:37,565 - ../log/RSJ_train.log - INFO - num_chars      :	1284
2019-05-28 16:47:37,565 - ../log/RSJ_train.log - INFO - char_dim       :	100
2019-05-28 16:47:37,565 - ../log/RSJ_train.log - INFO - num_tags       :	2
2019-05-28 16:47:37,565 - ../log/RSJ_train.log - INFO - seg_dim        :	20
2019-05-28 16:47:37,565 - ../log/RSJ_train.log - INFO - lstm_dim       :	100
2019-05-28 16:47:37,566 - ../log/RSJ_train.log - INFO - decode_method  :	crf
2019-05-28 16:47:37,566 - ../log/RSJ_train.log - INFO - batch_size     :	20
2019-05-28 16:47:37,566 - ../log/RSJ_train.log - INFO - bias           :	10
2019-05-28 16:47:37,566 - ../log/RSJ_train.log - INFO - emb_file       :	../embedding/wiki_100.utf8
2019-05-28 16:47:37,566 - ../log/RSJ_train.log - INFO - clip           :	5
2019-05-28 16:47:37,566 - ../log/RSJ_train.log - INFO - dropout_keep   :	0.5
2019-05-28 16:47:37,566 - ../log/RSJ_train.log - INFO - optimizer      :	adam
2019-05-28 16:47:37,566 - ../log/RSJ_train.log - INFO - lr             :	0.001
2019-05-28 16:47:37,566 - ../log/RSJ_train.log - INFO - tag_schema     :	iobes
2019-05-28 16:47:37,566 - ../log/RSJ_train.log - INFO - pre_emb        :	True
2019-05-28 16:47:37,566 - ../log/RSJ_train.log - INFO - zeros          :	False
2019-05-28 16:47:37,566 - ../log/RSJ_train.log - INFO - lower          :	True
2019-05-28 16:47:38,796 - ../log/RSJ_train.log - INFO - Reading model parameters from ../ckpt/RSJ\model
2019-05-28 16:49:06,406 - ../log/RSJ_train.log - INFO - model_type     :	bilstm
2019-05-28 16:49:06,406 - ../log/RSJ_train.log - INFO - model_type     :	bilstm
2019-05-28 16:49:06,406 - ../log/RSJ_train.log - INFO - num_chars      :	1284
2019-05-28 16:49:06,406 - ../log/RSJ_train.log - INFO - num_chars      :	1284
2019-05-28 16:49:06,407 - ../log/RSJ_train.log - INFO - char_dim       :	100
2019-05-28 16:49:06,407 - ../log/RSJ_train.log - INFO - char_dim       :	100
2019-05-28 16:49:06,407 - ../log/RSJ_train.log - INFO - num_tags       :	2
2019-05-28 16:49:06,407 - ../log/RSJ_train.log - INFO - num_tags       :	2
2019-05-28 16:49:06,407 - ../log/RSJ_train.log - INFO - seg_dim        :	20
2019-05-28 16:49:06,407 - ../log/RSJ_train.log - INFO - seg_dim        :	20
2019-05-28 16:49:06,407 - ../log/RSJ_train.log - INFO - lstm_dim       :	100
2019-05-28 16:49:06,407 - ../log/RSJ_train.log - INFO - lstm_dim       :	100
2019-05-28 16:49:06,408 - ../log/RSJ_train.log - INFO - decode_method  :	crf
2019-05-28 16:49:06,408 - ../log/RSJ_train.log - INFO - decode_method  :	crf
2019-05-28 16:49:06,408 - ../log/RSJ_train.log - INFO - batch_size     :	20
2019-05-28 16:49:06,408 - ../log/RSJ_train.log - INFO - batch_size     :	20
2019-05-28 16:49:06,408 - ../log/RSJ_train.log - INFO - bias           :	10
2019-05-28 16:49:06,408 - ../log/RSJ_train.log - INFO - bias           :	10
2019-05-28 16:49:06,408 - ../log/RSJ_train.log - INFO - emb_file       :	../embedding/wiki_100.utf8
2019-05-28 16:49:06,408 - ../log/RSJ_train.log - INFO - emb_file       :	../embedding/wiki_100.utf8
2019-05-28 16:49:06,408 - ../log/RSJ_train.log - INFO - clip           :	5
2019-05-28 16:49:06,408 - ../log/RSJ_train.log - INFO - clip           :	5
2019-05-28 16:49:06,409 - ../log/RSJ_train.log - INFO - dropout_keep   :	0.5
2019-05-28 16:49:06,409 - ../log/RSJ_train.log - INFO - dropout_keep   :	0.5
2019-05-28 16:49:06,409 - ../log/RSJ_train.log - INFO - optimizer      :	adam
2019-05-28 16:49:06,409 - ../log/RSJ_train.log - INFO - optimizer      :	adam
2019-05-28 16:49:06,409 - ../log/RSJ_train.log - INFO - lr             :	0.001
2019-05-28 16:49:06,409 - ../log/RSJ_train.log - INFO - lr             :	0.001
2019-05-28 16:49:06,409 - ../log/RSJ_train.log - INFO - tag_schema     :	iobes
2019-05-28 16:49:06,409 - ../log/RSJ_train.log - INFO - tag_schema     :	iobes
2019-05-28 16:49:06,409 - ../log/RSJ_train.log - INFO - pre_emb        :	True
2019-05-28 16:49:06,409 - ../log/RSJ_train.log - INFO - pre_emb        :	True
2019-05-28 16:49:06,409 - ../log/RSJ_train.log - INFO - zeros          :	False
2019-05-28 16:49:06,409 - ../log/RSJ_train.log - INFO - zeros          :	False
2019-05-28 16:49:06,409 - ../log/RSJ_train.log - INFO - lower          :	True
2019-05-28 16:49:06,409 - ../log/RSJ_train.log - INFO - lower          :	True
2019-05-28 16:49:07,542 - ../log/RSJ_train.log - INFO - Reading model parameters from ../ckpt/RSJ\model
2019-05-28 16:49:07,542 - ../log/RSJ_train.log - INFO - Reading model parameters from ../ckpt/RSJ\model
2019-05-28 16:53:07,727 - ../log/RSJ_train.log - INFO - model_type     :	bilstm
2019-05-28 16:53:07,727 - ../log/RSJ_train.log - INFO - num_chars      :	1284
2019-05-28 16:53:07,727 - ../log/RSJ_train.log - INFO - char_dim       :	100
2019-05-28 16:53:07,727 - ../log/RSJ_train.log - INFO - num_tags       :	2
2019-05-28 16:53:07,727 - ../log/RSJ_train.log - INFO - seg_dim        :	20
2019-05-28 16:53:07,727 - ../log/RSJ_train.log - INFO - lstm_dim       :	100
2019-05-28 16:53:07,728 - ../log/RSJ_train.log - INFO - decode_method  :	crf
2019-05-28 16:53:07,728 - ../log/RSJ_train.log - INFO - batch_size     :	20
2019-05-28 16:53:07,728 - ../log/RSJ_train.log - INFO - bias           :	10
2019-05-28 16:53:07,728 - ../log/RSJ_train.log - INFO - emb_file       :	../embedding/wiki_100.utf8
2019-05-28 16:53:07,728 - ../log/RSJ_train.log - INFO - clip           :	5
2019-05-28 16:53:07,728 - ../log/RSJ_train.log - INFO - dropout_keep   :	0.5
2019-05-28 16:53:07,728 - ../log/RSJ_train.log - INFO - optimizer      :	adam
2019-05-28 16:53:07,728 - ../log/RSJ_train.log - INFO - lr             :	0.001
2019-05-28 16:53:07,728 - ../log/RSJ_train.log - INFO - tag_schema     :	iobes
2019-05-28 16:53:07,728 - ../log/RSJ_train.log - INFO - pre_emb        :	True
2019-05-28 16:53:07,728 - ../log/RSJ_train.log - INFO - zeros          :	False
2019-05-28 16:53:07,728 - ../log/RSJ_train.log - INFO - lower          :	True
2019-05-28 16:53:08,949 - ../log/RSJ_train.log - INFO - Reading model parameters from ../ckpt/RSJ\model
